This file contains any messages produced by compilers while
running configure, to aid debugging if configure makes a mistake.

It was created by libcharset configure 1.4, which was
generated by GNU Autoconf 2.69.  Invocation command line was

  $ ./configure --disable-option-checking --prefix=/cygdrive/c/users/hernad/harbour/3rd/x64/libiconv --host=x86_64-w64-mingw32 CC=compile cl -nologo CFLAGS=-MD CXX=compile cl -nologo CXXFLAGS=-MD CPPFLAGS=-D_WIN32_WINNT=_WIN32_WINNT_WIN8 LD=link NM=dumpbin -symbols STRIP=: AR=ar-lib lib RANLIB=: host_alias=x86_64-w64-mingw32 --cache-file=/dev/null --srcdir=.

## --------- ##
## Platform. ##
## --------- ##

hostname = DESKTOP-A0CN7LS
uname -m = x86_64
uname -r = 3.1.1(0.340/5/3)
uname -s = CYGWIN_NT-10.0
uname -v = 2019-12-18 09:28

/usr/bin/uname -p = unknown
/bin/uname -X     = unknown

/bin/arch              = x86_64
/usr/bin/arch -k       = unknown
/usr/convex/getsysinfo = unknown
/usr/bin/hostinfo      = unknown
/bin/machine           = unknown
/usr/bin/oslevel       = unknown
/bin/universe          = unknown

PATH: /usr/local/bin
PATH: /usr/bin
PATH: /cygdrive/c/Program Files (x86)/MSBuild/14.0/bin/amd64
PATH: /cygdrive/c/Program Files (x86)/Microsoft Visual Studio 14.0/VC/BIN/amd64
PATH: /cygdrive/c/WINDOWS/Microsoft.NET/Framework64/v4.0.30319
PATH: /cygdrive/c/WINDOWS/Microsoft.NET/Framework64
PATH: /cygdrive/c/Program Files (x86)/Windows Kits/10/bin/x64
PATH: /cygdrive/c/Program Files (x86)/Windows Kits/10/bin/x86
PATH: /cygdrive/c/windows
PATH: /cygdrive/c/windows/system32
PATH: /cygdrive/c/users/hernad/NASM64
PATH: /cygdrive/c/Program Files/Git/cmd
PATH: /cygdrive/c/Users/hernad/AppData/Local/Programs/Microsoft VS Code/bin
PATH: /cygdrive/c/Program Files (x86)/Windows Kits/10/bin/10.0.18362.0/x64
PATH: /cygdrive/c/Strawberry/c/bin
PATH: /cygdrive/c/Strawberry/perl/bin
PATH: /cygdrive/c/Strawberry/perl/site/bin


## ----------- ##
## Core tests. ##
## ----------- ##

configure:2216: checking whether make sets $(MAKE)
configure:2238: result: yes
configure:2257: checking for x86_64-w64-mingw32-gcc
configure:2284: result: compile cl -nologo
configure:2553: checking for C compiler version
configure:2562: compile cl -nologo --version >&5
cl : Command line warning D9002 : ignoring unknown option '--version'
cl : Command line error D8003 : missing source filename
configure:2573: $? = 2
configure:2562: compile cl -nologo -v >&5
cl : Command line warning D9002 : ignoring unknown option '-v'
cl : Command line error D8003 : missing source filename
configure:2573: $? = 2
configure:2562: compile cl -nologo -V >&5
cl : Command line error D8004 : '/V' requires an argument
configure:2573: $? = 2
configure:2562: compile cl -nologo -qversion >&5
cl : Command line warning D9002 : ignoring unknown option '-qversion'
cl : Command line error D8003 : missing source filename
configure:2573: $? = 2
configure:2593: checking whether the C compiler works
configure:2615: compile cl -nologo -MD -D_WIN32_WINNT=_WIN32_WINNT_WIN8  conftest.c  >&5
conftest.c
configure:2619: $? = 0
configure:2667: result: yes
configure:2670: checking for C compiler default output file name
configure:2672: result: conftest.exe
configure:2678: checking for suffix of executables
configure:2685: compile cl -nologo -o conftest.exe -MD -D_WIN32_WINNT=_WIN32_WINNT_WIN8  conftest.c  >&5
conftest.c
configure:2689: $? = 0
configure:2711: result: .exe
configure:2733: checking whether we are cross compiling
configure:2741: compile cl -nologo -o conftest.exe -MD -D_WIN32_WINNT=_WIN32_WINNT_WIN8  conftest.c  >&5
conftest.c
configure:2745: $? = 0
configure:2752: ./conftest.exe
configure:2756: $? = 0
configure:2771: result: no
configure:2776: checking for suffix of object files
configure:2798: compile cl -nologo -c -MD -D_WIN32_WINNT=_WIN32_WINNT_WIN8 conftest.c >&5
conftest.c
configure:2802: $? = 0
configure:2823: result: obj
configure:2827: checking whether we are using the GNU C compiler
configure:2846: compile cl -nologo -c -MD -D_WIN32_WINNT=_WIN32_WINNT_WIN8 conftest.c >&5
conftest.c
conftest.c(14): error C2065: 'choke': undeclared identifier
conftest.c(14): error C2146: syntax error: missing ';' before identifier 'me'
conftest.c(17): error C2065: 'me': undeclared identifier
configure:2846: $? = 2
configure: failed program was:
| /* confdefs.h */
| #define PACKAGE_NAME "libcharset"
| #define PACKAGE_TARNAME "libcharset"
| #define PACKAGE_VERSION "1.4"
| #define PACKAGE_STRING "libcharset 1.4"
| #define PACKAGE_BUGREPORT ""
| #define PACKAGE_URL ""
| /* end confdefs.h.  */
| 
| int
| main ()
| {
| #ifndef __GNUC__
|        choke me
| #endif
| 
|   ;
|   return 0;
| }
configure:2855: result: no
configure:2864: checking whether compile cl -nologo accepts -g
configure:2884: compile cl -nologo -c -g -D_WIN32_WINNT=_WIN32_WINNT_WIN8 conftest.c >&5
conftest.c
cl : Command line warning D9002 : ignoring unknown option '-g'
configure:2884: $? = 0
configure: failed program was:
| /* confdefs.h */
| #define PACKAGE_NAME "libcharset"
| #define PACKAGE_TARNAME "libcharset"
| #define PACKAGE_VERSION "1.4"
| #define PACKAGE_STRING "libcharset 1.4"
| #define PACKAGE_BUGREPORT ""
| #define PACKAGE_URL ""
| /* end confdefs.h.  */
| 
| int
| main ()
| {
| 
|   ;
|   return 0;
| }
configure:2899: compile cl -nologo -c  -D_WIN32_WINNT=_WIN32_WINNT_WIN8 conftest.c >&5
conftest.c
configure:2899: $? = 0
configure:2925: result: no
configure:2942: checking for compile cl -nologo option to accept ISO C89
configure:3005: compile cl -nologo  -c -MD -D_WIN32_WINNT=_WIN32_WINNT_WIN8 conftest.c >&5
conftest.c
conftest.c(54): warning C4113: 'char *(__cdecl *)()' differs in parameter lists from 'char *(__cdecl *)(char **,int)'
configure:3005: $? = 0
configure:3018: result: none needed
configure:3043: checking how to run the C preprocessor
configure:3074: compile cl -nologo -E -D_WIN32_WINNT=_WIN32_WINNT_WIN8 conftest.c
conftest.c
configure:3074: $? = 0
configure:3088: compile cl -nologo -E -D_WIN32_WINNT=_WIN32_WINNT_WIN8 conftest.c
conftest.c
conftest.c(9): fatal error C1083: Cannot open include file: 'ac_nonexistent.h': No such file or directory
configure:3088: $? = 2
configure: failed program was:
| /* confdefs.h */
| #define PACKAGE_NAME "libcharset"
| #define PACKAGE_TARNAME "libcharset"
| #define PACKAGE_VERSION "1.4"
| #define PACKAGE_STRING "libcharset 1.4"
| #define PACKAGE_BUGREPORT ""
| #define PACKAGE_URL ""
| /* end confdefs.h.  */
| #include <ac_nonexistent.h>
configure:3113: result: compile cl -nologo -E
configure:3133: compile cl -nologo -E -D_WIN32_WINNT=_WIN32_WINNT_WIN8 conftest.c
conftest.c
configure:3133: $? = 0
configure:3147: compile cl -nologo -E -D_WIN32_WINNT=_WIN32_WINNT_WIN8 conftest.c
conftest.c
conftest.c(9): fatal error C1083: Cannot open include file: 'ac_nonexistent.h': No such file or directory
configure:3147: $? = 2
configure: failed program was:
| /* confdefs.h */
| #define PACKAGE_NAME "libcharset"
| #define PACKAGE_TARNAME "libcharset"
| #define PACKAGE_VERSION "1.4"
| #define PACKAGE_STRING "libcharset 1.4"
| #define PACKAGE_BUGREPORT ""
| #define PACKAGE_URL ""
| /* end confdefs.h.  */
| #include <ac_nonexistent.h>
configure:3189: checking for a BSD-compatible install
configure:3257: result: /usr/bin/install -c
configure:3274: checking build system type
configure:3288: result: x86_64-pc-cygwin
configure:3308: checking host system type
configure:3321: result: x86_64-w64-mingw32
configure:3347: checking for grep that handles long lines and -e
configure:3405: result: /usr/bin/grep
configure:3410: checking for egrep
configure:3472: result: /usr/bin/grep -E
configure:3477: checking for ANSI C header files
configure:3497: compile cl -nologo -c -MD -D_WIN32_WINNT=_WIN32_WINNT_WIN8 conftest.c >&5
conftest.c
configure:3497: $? = 0
conftest.c
conftest.c
configure:3570: compile cl -nologo -o conftest.exe -MD -D_WIN32_WINNT=_WIN32_WINNT_WIN8  conftest.c  >&5
conftest.c
configure:3570: $? = 0
configure:3570: ./conftest.exe
configure:3570: $? = 0
configure:3581: result: yes
configure:3594: checking for sys/types.h
configure:3594: compile cl -nologo -c -MD -D_WIN32_WINNT=_WIN32_WINNT_WIN8 conftest.c >&5
conftest.c
configure:3594: $? = 0
configure:3594: result: yes
configure:3594: checking for sys/stat.h
configure:3594: compile cl -nologo -c -MD -D_WIN32_WINNT=_WIN32_WINNT_WIN8 conftest.c >&5
conftest.c
configure:3594: $? = 0
configure:3594: result: yes
configure:3594: checking for stdlib.h
configure:3594: compile cl -nologo -c -MD -D_WIN32_WINNT=_WIN32_WINNT_WIN8 conftest.c >&5
conftest.c
configure:3594: $? = 0
configure:3594: result: yes
configure:3594: checking for string.h
configure:3594: compile cl -nologo -c -MD -D_WIN32_WINNT=_WIN32_WINNT_WIN8 conftest.c >&5
conftest.c
configure:3594: $? = 0
configure:3594: result: yes
configure:3594: checking for memory.h
configure:3594: compile cl -nologo -c -MD -D_WIN32_WINNT=_WIN32_WINNT_WIN8 conftest.c >&5
conftest.c
configure:3594: $? = 0
configure:3594: result: yes
configure:3594: checking for strings.h
configure:3594: compile cl -nologo -c -MD -D_WIN32_WINNT=_WIN32_WINNT_WIN8 conftest.c >&5
conftest.c
conftest.c(49): fatal error C1083: Cannot open include file: 'strings.h': No such file or directory
configure:3594: $? = 2
configure: failed program was:
| /* confdefs.h */
| #define PACKAGE_NAME "libcharset"
| #define PACKAGE_TARNAME "libcharset"
| #define PACKAGE_VERSION "1.4"
| #define PACKAGE_STRING "libcharset 1.4"
| #define PACKAGE_BUGREPORT ""
| #define PACKAGE_URL ""
| #define STDC_HEADERS 1
| #define HAVE_SYS_TYPES_H 1
| #define HAVE_SYS_STAT_H 1
| #define HAVE_STDLIB_H 1
| #define HAVE_STRING_H 1
| #define HAVE_MEMORY_H 1
| /* end confdefs.h.  */
| #include <stdio.h>
| #ifdef HAVE_SYS_TYPES_H
| # include <sys/types.h>
| #endif
| #ifdef HAVE_SYS_STAT_H
| # include <sys/stat.h>
| #endif
| #ifdef STDC_HEADERS
| # include <stdlib.h>
| # include <stddef.h>
| #else
| # ifdef HAVE_STDLIB_H
| #  include <stdlib.h>
| # endif
| #endif
| #ifdef HAVE_STRING_H
| # if !defined STDC_HEADERS && defined HAVE_MEMORY_H
| #  include <memory.h>
| # endif
| # include <string.h>
| #endif
| #ifdef HAVE_STRINGS_H
| # include <strings.h>
| #endif
| #ifdef HAVE_INTTYPES_H
| # include <inttypes.h>
| #endif
| #ifdef HAVE_STDINT_H
| # include <stdint.h>
| #endif
| #ifdef HAVE_UNISTD_H
| # include <unistd.h>
| #endif
| 
| #include <strings.h>
configure:3594: result: no
configure:3594: checking for inttypes.h
configure:3594: compile cl -nologo -c -MD -D_WIN32_WINNT=_WIN32_WINNT_WIN8 conftest.c >&5
conftest.c
configure:3594: $? = 0
configure:3594: result: yes
configure:3594: checking for stdint.h
configure:3594: compile cl -nologo -c -MD -D_WIN32_WINNT=_WIN32_WINNT_WIN8 conftest.c >&5
conftest.c
configure:3594: $? = 0
configure:3594: result: yes
configure:3594: checking for unistd.h
configure:3594: compile cl -nologo -c -MD -D_WIN32_WINNT=_WIN32_WINNT_WIN8 conftest.c >&5
conftest.c
conftest.c(51): fatal error C1083: Cannot open include file: 'unistd.h': No such file or directory
configure:3594: $? = 2
configure: failed program was:
| /* confdefs.h */
| #define PACKAGE_NAME "libcharset"
| #define PACKAGE_TARNAME "libcharset"
| #define PACKAGE_VERSION "1.4"
| #define PACKAGE_STRING "libcharset 1.4"
| #define PACKAGE_BUGREPORT ""
| #define PACKAGE_URL ""
| #define STDC_HEADERS 1
| #define HAVE_SYS_TYPES_H 1
| #define HAVE_SYS_STAT_H 1
| #define HAVE_STDLIB_H 1
| #define HAVE_STRING_H 1
| #define HAVE_MEMORY_H 1
| #define HAVE_INTTYPES_H 1
| #define HAVE_STDINT_H 1
| /* end confdefs.h.  */
| #include <stdio.h>
| #ifdef HAVE_SYS_TYPES_H
| # include <sys/types.h>
| #endif
| #ifdef HAVE_SYS_STAT_H
| # include <sys/stat.h>
| #endif
| #ifdef STDC_HEADERS
| # include <stdlib.h>
| # include <stddef.h>
| #else
| # ifdef HAVE_STDLIB_H
| #  include <stdlib.h>
| # endif
| #endif
| #ifdef HAVE_STRING_H
| # if !defined STDC_HEADERS && defined HAVE_MEMORY_H
| #  include <memory.h>
| # endif
| # include <string.h>
| #endif
| #ifdef HAVE_STRINGS_H
| # include <strings.h>
| #endif
| #ifdef HAVE_INTTYPES_H
| # include <inttypes.h>
| #endif
| #ifdef HAVE_STDINT_H
| # include <stdint.h>
| #endif
| #ifdef HAVE_UNISTD_H
| # include <unistd.h>
| #endif
| 
| #include <unistd.h>
configure:3594: result: no
configure:3607: checking minix/config.h usability
configure:3607: compile cl -nologo -c -MD -D_WIN32_WINNT=_WIN32_WINNT_WIN8 conftest.c >&5
conftest.c
conftest.c(50): fatal error C1083: Cannot open include file: 'minix/config.h': No such file or directory
configure:3607: $? = 2
configure: failed program was:
| /* confdefs.h */
| #define PACKAGE_NAME "libcharset"
| #define PACKAGE_TARNAME "libcharset"
| #define PACKAGE_VERSION "1.4"
| #define PACKAGE_STRING "libcharset 1.4"
| #define PACKAGE_BUGREPORT ""
| #define PACKAGE_URL ""
| #define STDC_HEADERS 1
| #define HAVE_SYS_TYPES_H 1
| #define HAVE_SYS_STAT_H 1
| #define HAVE_STDLIB_H 1
| #define HAVE_STRING_H 1
| #define HAVE_MEMORY_H 1
| #define HAVE_INTTYPES_H 1
| #define HAVE_STDINT_H 1
| /* end confdefs.h.  */
| #include <stdio.h>
| #ifdef HAVE_SYS_TYPES_H
| # include <sys/types.h>
| #endif
| #ifdef HAVE_SYS_STAT_H
| # include <sys/stat.h>
| #endif
| #ifdef STDC_HEADERS
| # include <stdlib.h>
| # include <stddef.h>
| #else
| # ifdef HAVE_STDLIB_H
| #  include <stdlib.h>
| # endif
| #endif
| #ifdef HAVE_STRING_H
| # if !defined STDC_HEADERS && defined HAVE_MEMORY_H
| #  include <memory.h>
| # endif
| # include <string.h>
| #endif
| #ifdef HAVE_STRINGS_H
| # include <strings.h>
| #endif
| #ifdef HAVE_INTTYPES_H
| # include <inttypes.h>
| #endif
| #ifdef HAVE_STDINT_H
| # include <stdint.h>
| #endif
| #ifdef HAVE_UNISTD_H
| # include <unistd.h>
| #endif
| #include <minix/config.h>
configure:3607: result: no
configure:3607: checking minix/config.h presence
configure:3607: compile cl -nologo -E -D_WIN32_WINNT=_WIN32_WINNT_WIN8 conftest.c
conftest.c
conftest.c(17): fatal error C1083: Cannot open include file: 'minix/config.h': No such file or directory
configure:3607: $? = 2
configure: failed program was:
| /* confdefs.h */
| #define PACKAGE_NAME "libcharset"
| #define PACKAGE_TARNAME "libcharset"
| #define PACKAGE_VERSION "1.4"
| #define PACKAGE_STRING "libcharset 1.4"
| #define PACKAGE_BUGREPORT ""
| #define PACKAGE_URL ""
| #define STDC_HEADERS 1
| #define HAVE_SYS_TYPES_H 1
| #define HAVE_SYS_STAT_H 1
| #define HAVE_STDLIB_H 1
| #define HAVE_STRING_H 1
| #define HAVE_MEMORY_H 1
| #define HAVE_INTTYPES_H 1
| #define HAVE_STDINT_H 1
| /* end confdefs.h.  */
| #include <minix/config.h>
configure:3607: result: no
configure:3607: checking for minix/config.h
configure:3607: result: no
configure:3628: checking whether it is safe to define __EXTENSIONS__
configure:3646: compile cl -nologo -c -MD -D_WIN32_WINNT=_WIN32_WINNT_WIN8 conftest.c >&5
conftest.c
configure:3646: $? = 0
configure:3653: result: yes
configure:3719: checking how to print strings
configure:3746: result: printf
configure:3767: checking for a sed that does not truncate output
configure:3831: result: /usr/bin/sed
configure:3849: checking for fgrep
configure:3911: result: /usr/bin/grep -F
configure:3979: checking for non-GNU ld
configure:4013: result: link
configure:4020: checking if the linker (link) is GNU ld
configure:4035: result: no
configure:4047: checking for BSD- or MS-compatible name lister (nm)
configure:4101: result: dumpbin -symbols
configure:4231: checking the name lister (dumpbin -symbols) interface
configure:4238: compile cl -nologo -c -MD -D_WIN32_WINNT=_WIN32_WINNT_WIN8 conftest.c >&5
conftest.c
configure:4241: dumpbin -symbols "conftest.obj"
configure:4244: output
Microsoft (R) COFF/PE Dumper Version 14.00.24210.0
Copyright (C) Microsoft Corporation.  All rights reserved.


Dump of file conftest.obj

File Type: COFF OBJECT

COFF SYMBOL TABLE
000 01045E92 ABS    notype       Static       | @comp.id
001 80000190 ABS    notype       Static       | @feat.00
002 00000000 SECT1  notype       Static       | .drectve
    Section length   2F, #relocs    0, #linenums    0, checksum        0
004 00000000 SECT2  notype       Static       | .debug$S
    Section length   9C, #relocs    0, #linenums    0, checksum        0
006 00000000 SECT3  notype       Static       | .bss
    Section length    4, #relocs    0, #linenums    0, checksum        0
008 00000000 SECT3  notype       External     | some_variable

String Table Size = 0x12 bytes

  Summary

           4 .bss
          9C .debug$S
          2F .drectve
configure:4251: result: MS dumpbin
configure:4254: checking whether ln -s works
configure:4258: result: yes
configure:4266: checking the maximum length of command line arguments
configure:4397: result: 8192
configure:4445: checking how to convert x86_64-pc-cygwin file names to x86_64-w64-mingw32 format
configure:4485: result: func_convert_file_cygwin_to_w32
configure:4492: checking how to convert x86_64-pc-cygwin file names to toolchain format
configure:4512: result: func_convert_file_noop
configure:4519: checking for link option to reload object files
configure:4526: result: -r
configure:4560: checking for x86_64-w64-mingw32-objdump
configure:4590: result: no
configure:4600: checking for objdump
configure:4616: found /cygdrive/c/Strawberry/c/bin/objdump
configure:4627: result: objdump
configure:4656: checking how to recognize dependent libraries
configure:4856: result: file_magic ^x86 archive import|^x86 DLL
configure:4901: checking for x86_64-w64-mingw32-dlltool
configure:4931: result: no
configure:4941: checking for dlltool
configure:4957: found /cygdrive/c/Strawberry/c/bin/dlltool
configure:4968: result: dlltool
configure:4998: checking how to associate runtime and link libraries
configure:5025: result: func_cygming_dll_for_implib
configure:5041: checking for x86_64-w64-mingw32-ar
configure:5068: result: ar-lib lib
configure:5149: checking for archiver @FILE support
configure:5166: compile cl -nologo -c -MD -D_WIN32_WINNT=_WIN32_WINNT_WIN8 conftest.c >&5
conftest.c
configure:5166: $? = 0
configure:5169: ar-lib lib cru libconftest.a @conftest.lst >&5
configure:5172: $? = 0
configure:5177: ar-lib lib cru libconftest.a @conftest.lst >&5
LINK : fatal error LNK1181: cannot open input file 'conftest.obj'
configure:5180: $? = 157
configure:5192: result: @
configure:5210: checking for x86_64-w64-mingw32-strip
configure:5237: result: :
configure:5309: checking for x86_64-w64-mingw32-ranlib
configure:5336: result: :
configure:5453: checking for gawk
configure:5469: found /usr/bin/gawk
configure:5480: result: gawk
configure:5520: checking command to parse dumpbin -symbols output from compile cl -nologo object
configure:5673: compile cl -nologo -c -MD -D_WIN32_WINNT=_WIN32_WINNT_WIN8 conftest.c >&5
conftest.c
configure:5676: $? = 0
configure:5680: dumpbin -symbols conftest.obj \| gawk ' {last_section=section; section=$ 3}; /^COFF SYMBOL TABLE/{for(i in hide) delete hide[i]}; /Section length .*#relocs.*(pick any)/{hide[last_section]=1}; /^ *Symbol name *: /{split($ 0,sn,:); si=substr(sn[2],2)}; /^ *Type *: code/{print T,si,substr(si,length(prfx))}; /^ *Type *: data/{print I,si,substr(si,length(prfx))}; $ 0!~/External *\|/{next}; / 0+ UNDEF /{next}; / UNDEF \([^|]\)*()/{next}; {if(hide[section]) next}; {f=D}; $ 0~/\(\).*\|/{f=T}; {split($ 0,a,/\||\r/); split(a[2],s)}; s[1]~/^[@?]/{print f,s[1],s[1]; next}; s[1]~prfx {split(s[1],t,@); print f,t[1],substr(t[1],length(prfx))} ' prfx=^ | sed '/ __gnu_lto/d' \> conftest.nm
configure:5683: $? = 0
configure:5749: compile cl -nologo -o conftest.exe -MD -D_WIN32_WINNT=_WIN32_WINNT_WIN8  conftest.c conftstm.obj >&5
conftest.c
configure:5752: $? = 0
configure:5790: result: ok
configure:5837: checking for sysroot
configure:5867: result: no
configure:5874: checking for a working dd
configure:5912: result: /usr/bin/dd
configure:5916: checking how to truncate binary pipes
configure:5931: result: /usr/bin/dd bs=4096 count=1
configure:6220: checking for x86_64-w64-mingw32-mt
configure:6250: result: no
configure:6260: checking for mt
configure:6276: found /cygdrive/c/Program Files (x86)/Windows Kits/10/bin/10.0.18362.0/x64/mt
configure:6287: result: mt
configure:6310: checking if mt is a manifest tool
configure:6316: mt '-?'
configure:6324: result: yes
configure:6998: checking for dlfcn.h
configure:6998: compile cl -nologo -c -MD -D_WIN32_WINNT=_WIN32_WINNT_WIN8 conftest.c >&5
conftest.c
conftest.c(56): fatal error C1083: Cannot open include file: 'dlfcn.h': No such file or directory
configure:6998: $? = 2
configure: failed program was:
| /* confdefs.h */
| #define PACKAGE_NAME "libcharset"
| #define PACKAGE_TARNAME "libcharset"
| #define PACKAGE_VERSION "1.4"
| #define PACKAGE_STRING "libcharset 1.4"
| #define PACKAGE_BUGREPORT ""
| #define PACKAGE_URL ""
| #define STDC_HEADERS 1
| #define HAVE_SYS_TYPES_H 1
| #define HAVE_SYS_STAT_H 1
| #define HAVE_STDLIB_H 1
| #define HAVE_STRING_H 1
| #define HAVE_MEMORY_H 1
| #define HAVE_INTTYPES_H 1
| #define HAVE_STDINT_H 1
| #define __EXTENSIONS__ 1
| #define _ALL_SOURCE 1
| #define _GNU_SOURCE 1
| #define _POSIX_PTHREAD_SEMANTICS 1
| #define _TANDEM_SOURCE 1
| /* end confdefs.h.  */
| #include <stdio.h>
| #ifdef HAVE_SYS_TYPES_H
| # include <sys/types.h>
| #endif
| #ifdef HAVE_SYS_STAT_H
| # include <sys/stat.h>
| #endif
| #ifdef STDC_HEADERS
| # include <stdlib.h>
| # include <stddef.h>
| #else
| # ifdef HAVE_STDLIB_H
| #  include <stdlib.h>
| # endif
| #endif
| #ifdef HAVE_STRING_H
| # if !defined STDC_HEADERS && defined HAVE_MEMORY_H
| #  include <memory.h>
| # endif
| # include <string.h>
| #endif
| #ifdef HAVE_STRINGS_H
| # include <strings.h>
| #endif
| #ifdef HAVE_INTTYPES_H
| # include <inttypes.h>
| #endif
| #ifdef HAVE_STDINT_H
| # include <stdint.h>
| #endif
| #ifdef HAVE_UNISTD_H
| # include <unistd.h>
| #endif
| 
| #include <dlfcn.h>
configure:6998: result: no
configure:7021: checking for x86_64-w64-mingw32-as
configure:7051: result: no
configure:7061: checking for as
configure:7077: found /cygdrive/c/Strawberry/c/bin/as
configure:7088: result: as
configure:7113: checking for x86_64-w64-mingw32-dlltool
configure:7140: result: dlltool
configure:7205: checking for x86_64-w64-mingw32-objdump
configure:7232: result: objdump
configure:7552: checking for objdir
configure:7567: result: .libs
conftest.c
conftest.c
configure:8224: checking for compile cl -nologo option to produce PIC
configure:8231: result: -DDLL_EXPORT -DPIC
configure:8239: checking if compile cl -nologo PIC flag -DDLL_EXPORT -DPIC works
configure:8257: compile cl -nologo -c -MD -D_WIN32_WINNT=_WIN32_WINNT_WIN8 -DDLL_EXPORT -DPIC -DPIC conftest.c >&5
conftest.c
configure:8261: $? = 0
configure:8274: result: yes
configure:8303: checking if compile cl -nologo static flag  works
conftest.c
configure:8331: result: yes
configure:8346: checking if compile cl -nologo supports -c -o file.obj
configure:8367: compile cl -nologo -c -MD -D_WIN32_WINNT=_WIN32_WINNT_WIN8 -o out/conftest2.obj conftest.c >&5
conftest.c
configure:8371: $? = 0
configure:8393: result: yes
configure:8401: checking if compile cl -nologo supports -c -o file.obj
configure:8448: result: yes
configure:8481: checking whether the compile cl -nologo linker (link) supports shared libraries
configure:9740: result: yes
configure:9980: checking dynamic linker characteristics
configure:10798: result: Win32 link.exe
configure:10920: checking how to hardcode library paths into programs
configure:10945: result: immediate
configure:11493: checking whether stripping libraries is possible
configure:11515: result: no
configure:11533: checking if libtool supports shared libraries
configure:11535: result: yes
configure:11538: checking whether to build shared libraries
configure:11563: result: yes
configure:11566: checking whether to build static libraries
configure:11570: result: yes
configure:11630: checking for ld
configure:11758: result: link
configure:11765: checking if the linker (link) is GNU ld
configure:11780: result: no
configure:11786: checking for shared library path variable
configure:11799: result: PATH
configure:11804: checking whether to activate relocatable installation
configure:11819: result: no
configure:12075: checking for nl_langinfo and CODESET
configure:12091: compile cl -nologo -o conftest.exe -MD -D_WIN32_WINNT=_WIN32_WINNT_WIN8  conftest.c  >&5
conftest.c
conftest.c(25): fatal error C1083: Cannot open include file: 'langinfo.h': No such file or directory
configure:12091: $? = 2
configure: failed program was:
| /* confdefs.h */
| #define PACKAGE_NAME "libcharset"
| #define PACKAGE_TARNAME "libcharset"
| #define PACKAGE_VERSION "1.4"
| #define PACKAGE_STRING "libcharset 1.4"
| #define PACKAGE_BUGREPORT ""
| #define PACKAGE_URL ""
| #define STDC_HEADERS 1
| #define HAVE_SYS_TYPES_H 1
| #define HAVE_SYS_STAT_H 1
| #define HAVE_STDLIB_H 1
| #define HAVE_STRING_H 1
| #define HAVE_MEMORY_H 1
| #define HAVE_INTTYPES_H 1
| #define HAVE_STDINT_H 1
| #define __EXTENSIONS__ 1
| #define _ALL_SOURCE 1
| #define _GNU_SOURCE 1
| #define _POSIX_PTHREAD_SEMANTICS 1
| #define _TANDEM_SOURCE 1
| #define LT_OBJDIR ".libs/"
| #define INSTALLPREFIX "/cygdrive/c/users/hernad/harbour/3rd/x64/libiconv"
| #define HAVE_VISIBILITY 0
| /* end confdefs.h.  */
| #include <langinfo.h>
| int
| main ()
| {
| char* cs = nl_langinfo(CODESET); return !cs;
|   ;
|   return 0;
| }
configure:12100: result: no
configure:12114: checking for unistd.h
configure:12114: result: no
configure:12133: checking for symlink
configure:12133: compile cl -nologo -o conftest.exe -MD -D_WIN32_WINNT=_WIN32_WINNT_WIN8  conftest.c  >&5
conftest.c
conftest.obj : error LNK2019: unresolved external symbol symlink referenced in function main
conftest.exe : fatal error LNK1120: 1 unresolved externals
configure:12133: $? = 2
configure: failed program was:
| /* confdefs.h */
| #define PACKAGE_NAME "libcharset"
| #define PACKAGE_TARNAME "libcharset"
| #define PACKAGE_VERSION "1.4"
| #define PACKAGE_STRING "libcharset 1.4"
| #define PACKAGE_BUGREPORT ""
| #define PACKAGE_URL ""
| #define STDC_HEADERS 1
| #define HAVE_SYS_TYPES_H 1
| #define HAVE_SYS_STAT_H 1
| #define HAVE_STDLIB_H 1
| #define HAVE_STRING_H 1
| #define HAVE_MEMORY_H 1
| #define HAVE_INTTYPES_H 1
| #define HAVE_STDINT_H 1
| #define __EXTENSIONS__ 1
| #define _ALL_SOURCE 1
| #define _GNU_SOURCE 1
| #define _POSIX_PTHREAD_SEMANTICS 1
| #define _TANDEM_SOURCE 1
| #define LT_OBJDIR ".libs/"
| #define INSTALLPREFIX "/cygdrive/c/users/hernad/harbour/3rd/x64/libiconv"
| #define HAVE_VISIBILITY 0
| /* end confdefs.h.  */
| /* Define symlink to an innocuous variant, in case <limits.h> declares symlink.
|    For example, HP-UX 11i <limits.h> declares gettimeofday.  */
| #define symlink innocuous_symlink
| 
| /* System header to define __stub macros and hopefully few prototypes,
|     which can conflict with char symlink (); below.
|     Prefer <limits.h> to <assert.h> if __STDC__ is defined, since
|     <limits.h> exists even on freestanding compilers.  */
| 
| #ifdef __STDC__
| # include <limits.h>
| #else
| # include <assert.h>
| #endif
| 
| #undef symlink
| 
| /* Override any GCC internal prototype to avoid an error.
|    Use char because int might match the return type of a GCC
|    builtin and then its argument prototype would still apply.  */
| #ifdef __cplusplus
| extern "C"
| #endif
| char symlink ();
| /* The GNU C library defines this for functions which it implements
|     to always fail with ENOSYS.  Some functions are actually named
|     something starting with __ and the normal name is an alias.  */
| #if defined __stub_symlink || defined __stub___symlink
| choke me
| #endif
| 
| int
| main ()
| {
| return symlink ();
|   ;
|   return 0;
| }
configure:12133: result: no
configure:12149: checking for working fcntl.h
configure:12257: compile cl -nologo -o conftest.exe -MD -D_WIN32_WINNT=_WIN32_WINNT_WIN8  conftest.c  >&5
conftest.c
conftest.c(32): fatal error C1021: invalid preprocessor command 'defined'
configure:12257: $? = 2
configure: program exited with status 2
configure: failed program was:
| /* confdefs.h */
| #define PACKAGE_NAME "libcharset"
| #define PACKAGE_TARNAME "libcharset"
| #define PACKAGE_VERSION "1.4"
| #define PACKAGE_STRING "libcharset 1.4"
| #define PACKAGE_BUGREPORT ""
| #define PACKAGE_URL ""
| #define STDC_HEADERS 1
| #define HAVE_SYS_TYPES_H 1
| #define HAVE_SYS_STAT_H 1
| #define HAVE_STDLIB_H 1
| #define HAVE_STRING_H 1
| #define HAVE_MEMORY_H 1
| #define HAVE_INTTYPES_H 1
| #define HAVE_STDINT_H 1
| #define __EXTENSIONS__ 1
| #define _ALL_SOURCE 1
| #define _GNU_SOURCE 1
| #define _POSIX_PTHREAD_SEMANTICS 1
| #define _TANDEM_SOURCE 1
| #define LT_OBJDIR ".libs/"
| #define INSTALLPREFIX "/cygdrive/c/users/hernad/harbour/3rd/x64/libiconv"
| #define HAVE_VISIBILITY 0
| /* end confdefs.h.  */
| #include <sys/types.h>
|            #include <sys/stat.h>
|            #if HAVE_UNISTD_H
|            # include <unistd.h>
|            #else /* on Windows with MSVC */
|            # include <io.h>
|            # include <stdlib.h>
|            # defined sleep(n) _sleep ((n) * 1000)
|            #endif
|            #include <fcntl.h>
|            #ifndef O_NOATIME
|             #define O_NOATIME 0
|            #endif
|            #ifndef O_NOFOLLOW
|             #define O_NOFOLLOW 0
|            #endif
|            static int const constants[] =
|             {
|               O_CREAT, O_EXCL, O_NOCTTY, O_TRUNC, O_APPEND,
|               O_NONBLOCK, O_SYNC, O_ACCMODE, O_RDONLY, O_RDWR, O_WRONLY
|             };
| 
| int
| main ()
| {
| 
|             int result = !constants;
|             #if HAVE_SYMLINK
|             {
|               static char const sym[] = "conftest.sym";
|               if (symlink ("/dev/null", sym) != 0)
|                 result |= 2;
|               else
|                 {
|                   int fd = open (sym, O_WRONLY | O_NOFOLLOW | O_CREAT, 0);
|                   if (fd >= 0)
|                     {
|                       close (fd);
|                       result |= 4;
|                     }
|                 }
|               if (unlink (sym) != 0 || symlink (".", sym) != 0)
|                 result |= 2;
|               else
|                 {
|                   int fd = open (sym, O_RDONLY | O_NOFOLLOW);
|                   if (fd >= 0)
|                     {
|                       close (fd);
|                       result |= 4;
|                     }
|                 }
|               unlink (sym);
|             }
|             #endif
|             {
|               static char const file[] = "confdefs.h";
|               int fd = open (file, O_RDONLY | O_NOATIME);
|               if (fd < 0)
|                 result |= 8;
|               else
|                 {
|                   struct stat st0;
|                   if (fstat (fd, &st0) != 0)
|                     result |= 16;
|                   else
|                     {
|                       char c;
|                       sleep (1);
|                       if (read (fd, &c, 1) != 1)
|                         result |= 24;
|                       else
|                         {
|                           if (close (fd) != 0)
|                             result |= 32;
|                           else
|                             {
|                               struct stat st1;
|                               if (stat (file, &st1) != 0)
|                                 result |= 40;
|                               else
|                                 if (st0.st_atime != st1.st_atime)
|                                   result |= 64;
|                             }
|                         }
|                     }
|                 }
|             }
|             return result;
|   ;
|   return 0;
| }
configure:12273: result: no
configure:12297: checking whether we are using the GNU C Library >= 2.1 or uClibc
conftest.c
conftest.c(28): fatal error C1083: Cannot open include file: 'features.h': No such file or directory
configure:12327: result: no
configure:12335: checking for setlocale
configure:12335: compile cl -nologo -o conftest.exe -MD -D_WIN32_WINNT=_WIN32_WINNT_WIN8  conftest.c  >&5
conftest.c
configure:12335: $? = 0
configure:12335: result: yes
configure:12475: creating ./config.status

## ---------------------- ##
## Running config.status. ##
## ---------------------- ##

This file was extended by libcharset config.status 1.4, which was
generated by GNU Autoconf 2.69.  Invocation command line was

  CONFIG_FILES    = 
  CONFIG_HEADERS  = 
  CONFIG_LINKS    = 
  CONFIG_COMMANDS = 
  $ ./config.status 

on DESKTOP-A0CN7LS

config.status:1094: creating Makefile
config.status:1094: creating lib/Makefile
config.status:1094: creating include/localcharset.h
config.status:1094: creating include/localcharset.h.inst
config.status:1094: creating config.h
config.status:1283: executing libtool commands

## ---------------- ##
## Cache variables. ##
## ---------------- ##

ac_cv_build=x86_64-pc-cygwin
ac_cv_c_compiler_gnu=no
ac_cv_env_CC_set=set
ac_cv_env_CC_value='compile cl -nologo'
ac_cv_env_CFLAGS_set=set
ac_cv_env_CFLAGS_value=-MD
ac_cv_env_CPPFLAGS_set=set
ac_cv_env_CPPFLAGS_value=-D_WIN32_WINNT=_WIN32_WINNT_WIN8
ac_cv_env_CPP_set=
ac_cv_env_CPP_value=
ac_cv_env_LDFLAGS_set=
ac_cv_env_LDFLAGS_value=
ac_cv_env_LIBS_set=
ac_cv_env_LIBS_value=
ac_cv_env_LT_SYS_LIBRARY_PATH_set=
ac_cv_env_LT_SYS_LIBRARY_PATH_value=
ac_cv_env_build_alias_set=
ac_cv_env_build_alias_value=
ac_cv_env_host_alias_set=set
ac_cv_env_host_alias_value=x86_64-w64-mingw32
ac_cv_env_target_alias_set=
ac_cv_env_target_alias_value=
ac_cv_exeext=.exe
ac_cv_func_setlocale=yes
ac_cv_func_symlink=no
ac_cv_gnu_library_2_1=no
ac_cv_header_dlfcn_h=no
ac_cv_header_inttypes_h=yes
ac_cv_header_memory_h=yes
ac_cv_header_minix_config_h=no
ac_cv_header_stdc=yes
ac_cv_header_stdint_h=yes
ac_cv_header_stdlib_h=yes
ac_cv_header_string_h=yes
ac_cv_header_strings_h=no
ac_cv_header_sys_stat_h=yes
ac_cv_header_sys_types_h=yes
ac_cv_header_unistd_h=no
ac_cv_host=x86_64-w64-mingw32
ac_cv_objext=obj
ac_cv_path_EGREP='/usr/bin/grep -E'
ac_cv_path_FGREP='/usr/bin/grep -F'
ac_cv_path_GREP=/usr/bin/grep
ac_cv_path_SED=/usr/bin/sed
ac_cv_path_install='/usr/bin/install -c'
ac_cv_path_lt_DD=/usr/bin/dd
ac_cv_prog_AR='ar-lib lib'
ac_cv_prog_AWK=gawk
ac_cv_prog_CC='compile cl -nologo'
ac_cv_prog_CPP='compile cl -nologo -E'
ac_cv_prog_DLLTOOL=dlltool
ac_cv_prog_OBJDUMP=objdump
ac_cv_prog_RANLIB=:
ac_cv_prog_STRIP=:
ac_cv_prog_ac_ct_AS=as
ac_cv_prog_ac_ct_DLLTOOL=dlltool
ac_cv_prog_ac_ct_MANIFEST_TOOL=mt
ac_cv_prog_ac_ct_OBJDUMP=objdump
ac_cv_prog_cc_c89=
ac_cv_prog_cc_g=no
ac_cv_prog_make_make_set=yes
ac_cv_safe_to_define___extensions__=yes
acl_cv_libpath=PATH
acl_cv_prog_gnu_ld=no
acl_cv_shlibpath_var=PATH
am_cv_langinfo_codeset=no
gl_cv_header_working_fcntl_h=no
lt_cv_ar_at_file=@
lt_cv_deplibs_check_method='file_magic ^x86 archive import|^x86 DLL'
lt_cv_file_magic_cmd=func_win32_libid
lt_cv_file_magic_test_file=
lt_cv_ld_reload_flag=-r
lt_cv_nm_interface='MS dumpbin'
lt_cv_objdir=.libs
lt_cv_path_LD=link
lt_cv_path_NM='dumpbin -symbols'
lt_cv_path_mainfest_tool=yes
lt_cv_prog_compiler_c_o=yes
lt_cv_prog_compiler_pic='-DDLL_EXPORT -DPIC'
lt_cv_prog_compiler_pic_works=yes
lt_cv_prog_compiler_static_works=yes
lt_cv_prog_gnu_ld=no
lt_cv_sharedlib_from_linklib_cmd=func_cygming_dll_for_implib
lt_cv_sys_global_symbol_pipe='gawk '\''     {last_section=section; section=$ 3};     /^COFF SYMBOL TABLE/{for(i in hide) delete hide[i]};     /Section length .*#relocs.*(pick any)/{hide[last_section]=1};     /^ *Symbol name *: /{split($ 0,sn,":"); si=substr(sn[2],2)};     /^ *Type *: code/{print "T",si,substr(si,length(prfx))};     /^ *Type *: data/{print "I",si,substr(si,length(prfx))};     $ 0!~/External *\|/{next};     / 0+ UNDEF /{next}; / UNDEF \([^|]\)*()/{next};     {if(hide[section]) next};     {f="D"}; $ 0~/\(\).*\|/{f="T"};     {split($ 0,a,/\||\r/); split(a[2],s)};     s[1]~/^[@?]/{print f,s[1],s[1]; next};     s[1]~prfx {split(s[1],t,"@"); print f,t[1],substr(t[1],length(prfx))}     '\'' prfx=^ | sed '\''/ __gnu_lto/d'\'''
lt_cv_sys_global_symbol_to_c_name_address='sed -n -e '\''s/^I .* \(.*\)$/  {"\1", (void *) 0},/p'\'' -e '\''s/^: \(.*\) .*$/  {"\1", (void *) 0},/p'\'' -e '\''s/^[ABCDGISTW][ABCDGISTW]* .* \(.*\)$/  {"\1", (void *) \&\1},/p'\'''
lt_cv_sys_global_symbol_to_c_name_address_lib_prefix='sed -n  -e '\''s/^I .* \(lib.*\)$/  {"\1", (void *) 0},/p'\''  -e '\''s/^I .* \(.*\)$/  {"lib\1", (void *) 0},/p'\'' -e '\''s/^: \(.*\) .*$/  {"\1", (void *) 0},/p'\'' -e '\''s/^[ABCDGISTW][ABCDGISTW]* .* \(lib.*\)$/  {"\1", (void *) \&\1},/p'\'' -e '\''s/^[ABCDGISTW][ABCDGISTW]* .* \(.*\)$/  {"lib\1", (void *) \&\1},/p'\'''
lt_cv_sys_global_symbol_to_cdecl='sed -n -e '\''s/^I .* \(.*\)$/extern __declspec(dllimport) char \1;/p'\'' -e '\''s/^T .* \(.*\)$/extern int \1();/p'\'' -e '\''s/^[ABCDGISTW][ABCDGISTW]* .* \(.*\)$/extern char \1;/p'\'''
lt_cv_sys_global_symbol_to_import='sed -n -e '\''s/^I .* \(.*\)$/\1/p'\'''
lt_cv_sys_max_cmd_len=8192
lt_cv_to_host_file_cmd=func_convert_file_cygwin_to_w32
lt_cv_to_tool_file_cmd=func_convert_file_noop
lt_cv_truncate_bin='/usr/bin/dd bs=4096 count=1'

## ----------------- ##
## Output variables. ##
## ----------------- ##

AR='ar-lib lib'
AS='as'
AWK='gawk'
CC='compile cl -nologo'
CFLAGS='-MD'
CFLAG_VISIBILITY=''
CPP='compile cl -nologo -E'
CPPFLAGS='-D_WIN32_WINNT=_WIN32_WINNT_WIN8'
DEFS='-DHAVE_CONFIG_H'
DLLTOOL='dlltool'
DSYMUTIL=''
DUMPBIN=''
ECHO_C=''
ECHO_N='-n'
ECHO_T=''
EGREP='/usr/bin/grep -E'
EXEEXT='.exe'
FGREP='/usr/bin/grep -F'
GLIBC21='no'
GREP='/usr/bin/grep'
HAVE_VISIBILITY='0'
INSTALL_DATA='${INSTALL} -m 644'
INSTALL_PROGRAM='${INSTALL}'
INSTALL_PROGRAM_ENV=''
INSTALL_SCRIPT='${INSTALL}'
LD='link'
LDFLAGS=''
LIBOBJS=''
LIBS=''
LIBTOOL='/bin/sh $(top_builddir)/libtool'
LIPO=''
LN_S='ln -s'
LTLIBOBJS=''
LT_SYS_LIBRARY_PATH=''
MANIFEST_TOOL='mt'
NM='dumpbin -symbols'
NMEDIT=''
OBJDUMP='objdump'
OBJEXT='obj'
OTOOL64=''
OTOOL=''
PACKAGE_BUGREPORT=''
PACKAGE_NAME='libcharset'
PACKAGE_STRING='libcharset 1.4'
PACKAGE_TARNAME='libcharset'
PACKAGE_URL=''
PACKAGE_VERSION='1.4'
PATH_SEPARATOR=':'
RANLIB=':'
RELOCATABLE='no'
RELOCATABLE_BUILD_DIR='$(top_builddir)/'
RELOCATABLE_CONFIG_H_DIR='$(top_builddir)'
RELOCATABLE_LDFLAGS=''
RELOCATABLE_LIBRARY_PATH=''
RELOCATABLE_SRC_DIR='$(top_srcdir)/'
RELOCATABLE_STRIP=':'
RELOCATABLE_VIA_LD_FALSE=''
RELOCATABLE_VIA_LD_TRUE='#'
RELOCATABLE_VIA_WRAPPER_FALSE=''
RELOCATABLE_VIA_WRAPPER_TRUE='#'
SED='/usr/bin/sed'
SET_MAKE=''
SHELL='/bin/sh'
STRIP=':'
ac_ct_AR=''
ac_ct_CC=''
ac_ct_DUMPBIN=''
bindir='${exec_prefix}/bin'
build='x86_64-pc-cygwin'
build_alias=''
build_cpu='x86_64'
build_os='cygwin'
build_vendor='pc'
datadir='${datarootdir}'
datarootdir='${prefix}/share'
docdir='${datarootdir}/doc/${PACKAGE_TARNAME}'
dvidir='${docdir}'
exec_prefix='${prefix}'
host='x86_64-w64-mingw32'
host_alias='x86_64-w64-mingw32'
host_cpu='x86_64'
host_os='mingw32'
host_vendor='w64'
htmldir='${docdir}'
includedir='${prefix}/include'
infodir='${datarootdir}/info'
libdir='${exec_prefix}/lib'
libexecdir='${exec_prefix}/libexec'
localedir='${datarootdir}/locale'
localstatedir='${prefix}/var'
mandir='${datarootdir}/man'
oldincludedir='/usr/include'
pdfdir='${docdir}'
prefix='/cygdrive/c/users/hernad/harbour/3rd/x64/libiconv'
program_transform_name='s,x,x,'
psdir='${docdir}'
sbindir='${exec_prefix}/sbin'
sharedstatedir='${prefix}/com'
sysconfdir='${prefix}/etc'
target_alias=''

## ----------- ##
## confdefs.h. ##
## ----------- ##

/* confdefs.h */
#define PACKAGE_NAME "libcharset"
#define PACKAGE_TARNAME "libcharset"
#define PACKAGE_VERSION "1.4"
#define PACKAGE_STRING "libcharset 1.4"
#define PACKAGE_BUGREPORT ""
#define PACKAGE_URL ""
#define STDC_HEADERS 1
#define HAVE_SYS_TYPES_H 1
#define HAVE_SYS_STAT_H 1
#define HAVE_STDLIB_H 1
#define HAVE_STRING_H 1
#define HAVE_MEMORY_H 1
#define HAVE_INTTYPES_H 1
#define HAVE_STDINT_H 1
#define __EXTENSIONS__ 1
#define _ALL_SOURCE 1
#define _GNU_SOURCE 1
#define _POSIX_PTHREAD_SEMANTICS 1
#define _TANDEM_SOURCE 1
#define LT_OBJDIR ".libs/"
#define INSTALLPREFIX "/cygdrive/c/users/hernad/harbour/3rd/x64/libiconv"
#define HAVE_VISIBILITY 0
#define HAVE_WORKING_O_NOATIME 0
#define HAVE_WORKING_O_NOFOLLOW 0
#define HAVE_SETLOCALE 1

configure: exit 0
